00:00:00.030823 main     VirtualBox XPCOM Server 6.1.0 r135406 linux.amd64 (Dec 12 2019 21:11:25) release log
00:00:00.030835 main     Log opened 2019-12-27T17:39:22.784185000Z
00:00:00.030838 main     Build Type: release
00:00:00.030846 main     OS Product: Linux
00:00:00.030849 main     OS Release: 4.19.91-1-lts
00:00:00.030852 main     OS Version: #1 SMP Sat, 21 Dec 2019 16:34:46 +0000
00:00:00.030904 main     DMI Product Name: p6516f
00:00:00.030925 main     DMI Product Version: 
00:00:00.030955 main     Firmware type: BIOS
00:00:00.031050 main     Host RAM: 5707MB (5.5GB) total, 5456MB (5.3GB) available
00:00:00.031060 main     Executable: /usr/lib/virtualbox/VBoxSVC
00:00:00.031062 main     Process ID: 8080
00:00:00.031065 main     Package type: LINUX_64BITS_GENERIC (OSE)
00:00:00.037951 main     IPC socket path: /tmp/.vbox-jhessin-ipc/ipcd
00:00:00.196294 nspr-2   VirtualBox: object creation starts
00:00:00.196462 nspr-2   Home directory: '/home/jhessin/.config/VirtualBox'
00:00:00.200105 nspr-2   Loading settings file "/home/jhessin/.config/VirtualBox/VirtualBox.xml" with version "1.12-linux"
00:00:00.268996 nspr-2   HostDnsMonitor: initializing
00:00:00.269524 nspr-2   NAT: resolv.conf: nameserver 10.1.16.116
00:00:00.269548 nspr-2   NAT: resolv.conf: nameserver 8.8.8.8
00:00:00.269575 nspr-2   HostDnsMonitor: updating information
00:00:00.269629 nspr-2   HostDnsMonitor: old information
00:00:00.269641 nspr-2     no server entries
00:00:00.269651 nspr-2     no domain set
00:00:00.269659 nspr-2     no search string entries
00:00:00.269668 nspr-2   HostDnsMonitor: new information
00:00:00.269676 nspr-2     server 1: 10.1.16.116
00:00:00.269687 nspr-2     server 2: 8.8.8.8
00:00:00.269697 nspr-2     domain: local.tld
00:00:00.269706 nspr-2     search string 1: local.tld
00:00:00.284318 nspr-2   Failed to open "/dev/vboxdrvu", errno=2, rc=VERR_VM_DRIVER_NOT_INSTALLED
00:00:00.307509 nspr-2   VD: VDInit finished with VINF_SUCCESS
00:00:00.323594 nspr-2   ERROR [COM]: aRC=NS_ERROR_FAILURE (0x80004005) aIID={027bc463-929c-40e8-bf16-fea557cd8e7e} aComponent={SystemPropertiesWrap} aText={Cannot determine default Guest Additions ISO location. Most likely they are not available}, preserve=false aResultDetail=0
00:00:00.330276 nspr-2   VirtualBox: object created
00:00:05.372461 main     VirtualBox: object deletion starts
00:00:05.373152 main     HostDnsMonitor: shutting down ...
00:00:05.418752 main     HostDnsMonitor: shut down
00:00:05.833275 Watcher  ERROR [COM]: aRC=E_ACCESSDENIED (0x80070005) aIID={d0a0163f-e254-4e5b-a1f2-011cf991c38d} aComponent={VirtualBoxWrap} aText={The object is not ready}, preserve=false aResultDetail=0
00:00:10.418968 main     {00007f4e5c015e30} HostPowerServiceLinux::~HostPowerServiceLinux: RTThreadWait() for 5000 ms failed with VERR_TIMEOUT
00:00:10.419674 main     VirtualBox: object deleted
